Using worker: worker-linux-7-2.bb.travis-ci.org:travis-linux-8

travis_fold:start:git.1$ git clone --depth=50 --branch=master git://github.com/JJ/hoborg.git JJ/hoborg
Cloning into 'JJ/hoborg'...
remote: Counting objects: 342, done.ote: Compressing objects:   0% (1/235)   ote: Compressing objects:   1% (3/235)   ote: Compressing objects:   2% (5/235)   ote: Compressing objects:   3% (8/235)   ote: Compressing objects:   4% (10/235)   ote: Compressing objects:   5% (12/235)   ote: Compressing objects:   6% (15/235)   ote: Compressing objects:   7% (17/235)   ote: Compressing objects:   8% (19/235)   ote: Compressing objects:   9% (22/235)   ote: Compressing objects:  10% (24/235)   ote: Compressing objects:  11% (26/235)   ote: Compressing objects:  12% (29/235)   ote: Compressing objects:  13% (31/235)   ote: Compressing objects:  14% (33/235)   ote: Compressing objects:  15% (36/235)   ote: Compressing objects:  16% (38/235)   ote: Compressing objects:  17% (40/235)   ote: Compressing objects:  18% (43/235)   ote: Compressing objects:  19% (45/235)   ote: Compressing objects:  20% (47/235)   ote: Compressing objects:  21% (50/235)   ote: Compressing objects:  22% (52/235)   ote: Compressing objects:  23% (55/235)   ote: Compressing objects:  24% (57/235)   ote: Compressing objects:  25% (59/235)   ote: Compressing objects:  26% (62/235)   ote: Compressing objects:  27% (64/235)   ote: Compressing objects:  28% (66/235)   ote: Compressing objects:  29% (69/235)   ote: Compressing objects:  30% (71/235)   ote: Compressing objects:  31% (73/235)   ote: Compressing objects:  32% (76/235)   ote: Compressing objects:  33% (78/235)   ote: Compressing objects:  34% (80/235)   ote: Compressing objects:  35% (83/235)   ote: Compressing objects:  36% (85/235)   ote: Compressing objects:  37% (87/235)   ote: Compressing objects:  38% (90/235)   ote: Compressing objects:  39% (92/235)   ote: Compressing objects:  40% (94/235)   ote: Compressing objects:  41% (97/235)   ote: Compressing objects:  42% (99/235)   ote: Compressing objects:  43% (102/235)   ote: Compressing objects:  44% (104/235)   ote: Compressing objects:  45% (106/235)   ote: Compressing objects:  46% (109/235)   ote: Compressing objects:  47% (111/235)   ote: Compressing objects:  48% (113/235)   ote: Compressing objects:  49% (116/235)   ote: Compressing objects:  50% (118/235)   ote: Compressing objects:  51% (120/235)   ote: Compressing objects:  52% (123/235)   ote: Compressing objects:  53% (125/235)   ote: Compressing objects:  54% (127/235)   ote: Compressing objects:  55% (130/235)   ote: Compressing objects:  56% (132/235)   ote: Compressing objects:  57% (134/235)   ote: Compressing objects:  58% (137/235)   ote: Compressing objects:  59% (139/235)   ote: Compressing objects:  60% (141/235)   ote: Compressing objects:  61% (144/235)   ote: Compressing objects:  62% (146/235)   ote: Compressing objects:  63% (149/235)   ote: Compressing objects:  64% (151/235)   ote: Compressing objects:  65% (153/235)   ote: Compressing objects:  66% (156/235)   ote: Compressing objects:  67% (158/235)   ote: Compressing objects:  68% (160/235)   ote: Compressing objects:  69% (163/235)   ote: Compressing objects:  70% (165/235)   ote: Compressing objects:  71% (167/235)   ote: Compressing objects:  72% (170/235)   ote: Compressing objects:  73% (172/235)   ote: Compressing objects:  74% (174/235)   ote: Compressing objects:  75% (177/235)   ote: Compressing objects:  76% (179/235)   ote: Compressing objects:  77% (181/235)   ote: Compressing objects:  78% (184/235)   ote: Compressing objects:  79% (186/235)   ote: Compressing objects:  80% (188/235)   ote: Compressing objects:  81% (191/235)   ote: Compressing objects:  82% (193/235)   ote: Compressing objects:  83% (196/235)   ote: Compressing objects:  84% (198/235)   ote: Compressing objects:  85% (200/235)   ote: Compressing objects:  86% (203/235)   ote: Compressing objects:  87% (205/235)   ote: Compressing objects:  88% (207/235)   ote: Compressing objects:  89% (210/235)   ote: Compressing objects:  90% (212/235)   ote: Compressing objects:  91% (214/235)   ote: Compressing objects:  92% (217/235)   ote: Compressing objects:  93% (219/235)   ote: Compressing objects:  94% (221/235)   ote: Compressing objects:  95% (224/235)   ote: Compressing objects:  96% (226/235)   ote: Compressing objects:  97% (228/235)   ote: Compressing objects:  98% (231/235)   ote: Compressing objects:  99% (233/235)   ote: Compressing objects: 100% (235/235)   ote: Compressing objects: 100% (235/235), done.ote: Total 342 (delta 191), reused 226 (delta 84)ay be copied only under the terms of either the Artistic License or the
GNU General Public License, which may be found in the Perl 5 source kit.

Complete documentation for Perl, including FAQ lists, should be found on
this system using "man perl" or "perldoc perl".  If you have access to the
Internet, point your browser at http://www.perl.org/, the Perl Home Page.

$ cpanm --version
cpanm (App::cpanminus) version 1.7001 (/home/travis/perl5/perlbrew/bin/cpanm)
perl version 5.016003 (/home/travis/perl5/perlbrew/perls/5.16/bin/perl)

  %Config:
    archname=x86_64-linux
    installsitelib=/home/travis/perl5/perlbrew/perls/5.16/lib/site_perl/5.16.3
    installsitebin=/home/travis/perl5/perlbrew/perls/5.16/bin
    installman1dir=/home/travis/perl5/perlbrew/perls/5.16/man/man1
    installman3dir=/home/travis/perl5/perlbrew/perls/5.16/man/man3
    sitelibexp=/home/travis/perl5/perlbrew/perls/5.16/lib/site_perl/5.16.3
    archlibexp=/home/travis/perl5/perlbrew/perls/5.16/lib/5.16.3/x86_64-linux
    privlibexp=/home/travis/perl5/perlbrew/perls/5.16/lib/5.16.3
  %ENV:
    PERLBREW_BASHRC_VERSION=0.66
    PERLBREW_HOME=/home/travis/.perlbrew
    PERLBREW_MANPATH=/home/travis/perl5/perlbrew/perls/5.16/man
    PERLBREW_PATH=/home/travis/perl5/perlbrew/bin:/home/travis/perl5/perlbrew/perls/5.16/bin
    PERLBREW_PERL=5.16
    PERLBREW_ROOT=/home/travis/perl5/perlbrew
    PERLBREW_VERSION=0.66
  @INC:
    /home/travis/perl5/perlbrew/perls/5.16/lib/site_perl/5.16.3/x86_64-linux
    /home/travis/perl5/perlbrew/perls/5.16/lib/site_perl/5.16.3
    /home/travis/perl5/perlbrew/perls/5.16/lib/5.16.3/x86_64-linux
    /home/travis/perl5/perlbrew/perls/5.16/lib/5.16.3
    .
travis_fold:start:before_install.1$ sudo apt-get install libhunspell-1.3-0 hunspell-en-us libhunspell-dev
Reading package lists... 0%Reading package lists... 0%Reading package lists... 1%Reading package lists... 6%Reading package lists... 6%Reading package lists... 6%Reading package lists... 6%Reading package lists... 26%Reading package lists... 29%Reading package lists... 29%Reading package lists... 29%Reading package lists... 29%Reading package lists... 36%Reading package lists... 36%Reading package lists... 36%Reading package lists... 36%Reading package lists... 59%Reading package lists... 59%Reading package lists... 59%Reading package lists... 59%Reading package lists... 59%Reading package lists... 63%Reading package lists... 63%Reading package lists... 63%Reading package lists... 63%Reading package lists... 63%Reading package lists... 63%Reading package lists... 76%Reading package lists... 76%Reading package lists... 80%Reading package lists... 80%Reading package lists... 80%Reading package lists... 80%Reading package lists... 81%Reading package lists... 81%Reading package lists... 82%Reading package lists... 82%Reading package lists... 86%Reading package lists... 86%Reading package lists... 86%Reading package lists... 86%Reading package lists... 86%Reading package lists... 87%Reading package lists... 87%Reading package lists... 87%Reading package lists... 87%Reading package lists... 90%Reading package lists... 90%Reading package lists... 90%Reading package lists... 90%Reading package lists... 90%Reading package lists... 90%Reading package lists... 90%Reading package lists... 90%Reading package lists... 90%Reading package lists... 90%Reading package lists... 90%Reading package lists... 90%Reading package lists... 91%Reading package lists... 91%Reading package lists... 91%Reading package lists... 91%Reading package lists... 91%Reading package lists... 91%Reading package lists... 91%Reading package lists... 91%Reading package lists... 91%Reading package lists... 91%Reading package lists... 91%Reading package lists... 91%Reading package lists... 91%Reading package lists... 91%Reading package lists... 91%Reading package lists... 91%Reading package lists... 91%Reading package lists... 91%Reading package lists... 91%Reading package lists... 91%Reading package lists... 93%Reading package lists... 93%Reading package lists... 93%Reading package lists... 93%Reading package lists... 93%Reading package lists... 93%Reading package lists... 93%Reading package lists... 93%Reading package lists... 96%Reading package lists... 96%Reading package lists... 96%Reading package lists... 96%Reading package lists... 96%Reading package lists... 96%Reading package lists... 96%Reading package lists... 96%Reading package lists... 98%Reading package lists... 98%Reading package lists... 98%Reading package lists... 98%Reading package lists... 98%Reading package lists... 98%Reading package lists... 98%Reading package lists... 98%Reading package lists... 98%Reading package lists... 98%Reading package lists... 98%Reading package lists... 98%Reading package lists... 98%Reading package lists... 98%Reading package lists... 98%Reading package lists... 98%Reading package lists... 98%Reading package lists... 98%Reading package lists... 98%Reading package lists... 98%Reading package lists... 98%Reading package lists... 98%Reading package lists... 98%Reading package lists... 98%Reading package lists... 98%Reading package lists... 98%Reading package lists... 99%Reading package lists... 99%Reading package lists... 99%Reading package lists... 99%Reading package lists... 99%Reading package lists... 99%Reading package lists... 99%Reading package lists... 99%Reading package lists... 99%Reading package lists... 99%Reading package lists... 99%Reading package lists... 99%Reading package lists... 99%Reading package lists... 99%Reading package lists... 99%Reading package lists... 99%Reading package lists... 99%Reading package lists... 99%Reading package lists... 99%Reading package lists... 99%Reading package lists... 99%Reading package lists... 99%Reading package lists... Done
Building dependency tree... 0%Building dependency tree... 0%Building dependency tree... 50%Building dependency tree... 50%Building dependency tree... 76%Building dependency tree       
Reading state information... 0%Reading state information... 0%Reading state information... Done
The following extra packages will be installed:
  dictionaries-common
Suggested packages:
  ispell jed-extra hunspell openoffice.org-hunspell openoffice.org-core
The following NEW packages will be installed:
  dictionaries-common hunspell-en-us libhunspell-1.3-0 libhunspell-dev
0 upgraded, 4 newly installed, 0 to remove and 0 not upgraded.
Need to get 848 kB of archives.
After this operation, 2,778 kB of additional disk space will be used.
0% [Working]            Get:1 http://us.archive.ubuntu.com/ubuntu/ precise/main libhunspell-1.3-0 amd64 1.3.2-4 [142 kB]
            2% [1 libhunspell-1.3-0 14.0 kB/142 kB 10%]                                           17% [Waiting for headers]                         Get:2 http://us.archive.ubuntu.com/ubuntu/ precise/main dictionaries-common all 1.12.1ubuntu2 [246 kB]
                         23% [2 dictionaries-common 54.3 kB/246 kB 22%]                                              46% [Working]             Get:3 http://us.archive.ubuntu.com/ubuntu/ precise/main hunspell-en-us all 20070829-4ubuntu3 [248 kB]
             46% [3 hunspell-en-us 5,063 B/248 kB 2%]                                        75% [Working]             Get:4 http://us.archive.ubuntu.com/ubuntu/ precise/main libhunspell-dev amd64 1.3.2-4 [213 kB]
             77% [4 libhunspell-dev 18.4 kB/213 kB 9%]                                         100% [Working]              Fetched 848 kB in 0s (4,500 kB/s)
Preconfiguring packages ...
Selecting previously unselected package libhunspell-1.3-0.
(Reading database ... (Reading database ... 5%(Reading database ... 10%(Reading database ... 15%(Reading database ... 20%(Reading database ... 25%(Reading database ... 30%(Reading database ... 35%(Reading database ... 40%(Reading database ... 45%(Reading database ... 50%(Reading database ... 55%(Reading database ... 60%(Reading database ... 65%(Reading database ... 70%(Reading database ... 75%(Reading database ... 80%(Reading database ... 85%(Reading database ... 90%(Reading database ... 95%(Reading database ... 100%(Reading database ... 69524 files and directories currently installed.)
Unpacking libhunspell-1.3-0 (from .../libhunspell-1.3-0_1.3.2-4_amd64.deb) ...
Selecting previously unselected package dictionaries-common.
Unpacking dictionaries-common (from .../dictionaries-common_1.12.1ubuntu2_all.deb) ...
Adding 'diversion of /usr/share/dict/words to /usr/share/dict/words.pre-dictionaries-common by dictionaries-common'
Selecting previously unselected package hunspell-en-us.
Unpacking hunspell-en-us (from .../hunspell-en-us_20070829-4ubuntu3_all.deb) ...
Selecting previously unselected package libhunspell-dev.
Unpacking libhunspell-dev (from .../libhunspell-dev_1.3.2-4_amd64.deb) ...
Processing triggers for man-db ...
Processing triggers for postgresql-common ...
Building PostgreSQL dictionaries from installed myspell/hunspell packages...
  en_us
Removing obsolete dictionary files:
Setting up libhunspell-1.3-0 (1.3.2-4) ...
Setting up dictionaries-common (1.12.1ubuntu2) ...
install/dictionaries-common: Byte-compiling for emacsen flavour emacs23
Wrote /usr/share/emacs23/site-lisp/dictionaries-common/debian-ispell.elc
Wrote /usr/share/emacs23/site-lisp/dictionaries-common/ispell.elc
Wrote /usr/share/emacs23/site-lisp/dictionaries-common/flyspell.elc
Setting up libhunspell-dev (1.3.2-4) ...
Processing triggers for dictionaries-common ...
Setting up hunspell-en-us (20070829-4ubuntu3) ...
Processing triggers for libc-bin ...
ldconfig deferred processing now taking place
travis_fold:end:before_install.1travis_fold:start:before_install.2$ cd Text-Hoborg
travis_fold:end:before_install.2travis_fold:start:install$ cpanm --quiet --installdeps --notest .
Successfully installed Text-Hunspell-2.08
Successfully installed Lingua-EN-Syllable-0.251
Successfully installed Lingua-EN-Fathom-1.15
3 distributions installed
travis_fold:end:install$ perl Makefile.PL && make test
Writing Makefile for Text::Hoborg
Writing MYMETA.yml and MYMETA.json
cp lib/Text/Hoborg.pm blib/lib/Text/Hoborg.pm
cp lib/Text/Hoborg/Manuel.pod blib/lib/Text/Hoborg/Manuel.pod
PERL_DL_NONLAZY=1 /home/travis/perl5/perlbrew/perls/5.16/bin/perl "-MExtUtils::Command::MM" "-e" "test_harness(0, 'blib/lib', 'blib/arch')" t/*.t
t/00.load.t ......... t/00.load.t ......... 1/? # Testing Text::Hoborg 0.0.6 in ../text
t/00.load.t ......... 822/? t/00.load.t ......... 12113/? t/00.load.t ......... 23698/?                                t/00.load.t ......... ok
t/01.readability.t .. # Testing Text::Hoborg 0.0.6
# Fog = 9.06207295074355
# Kincaid = 6.92519222207876
# Flesch = 73.3696422948139
t/01.readability.t .. 1/?                            t/01.readability.t .. ok
t/pod-coverage.t .... t/pod-coverage.t .... 1/1                            t/pod-coverage.t .... ok
t/pod.t ............. t/pod.t ............. 1/2                            t/pod.t ............. ok
All tests successful.
Files=4, Tests=30019,  5 wallclock secs ( 2.41 usr  0.15 sys +  4.85 cusr  0.09 csys =  7.50 CPU)
Result: PASS

The command "make test" exited with 0.

Done. Your build exited with 0.
